<?xml version="1.0" encoding="UTF-8"?>
<coverage generated="1519315073741" clover="3.2.0">
  <project timestamp="1519315073742" name="All files">
    <metrics statements="13" coveredstatements="8" conditionals="3" coveredconditionals="3" methods="9" coveredmethods="4" elements="25" coveredelements="15" complexity="0" loc="13" ncloc="13" packages="2" files="3" classes="3">
      <package name="components">
        <metrics statements="8" coveredstatements="4" conditionals="0" coveredconditionals="0" methods="7" coveredmethods="3"/>
        <file name="app.jsx" path="C:\Users\Richie.Bexhell\source\repos\ReactScratchPAd\src\ReactSampleWeb\react\components\app.jsx">
          <metrics statements="2" coveredstatements="2" conditionals="0" coveredconditionals="0" methods="1" coveredmethods="1"/>
          <line num="3" count="1" type="stmt"/>
          <line num="4" count="1" type="stmt"/>
        </file>
        <file name="russ.js" path="C:\Users\Richie.Bexhell\source\repos\ReactScratchPAd\src\ReactSampleWeb\react\components\russ.js">
          <metrics statements="6" coveredstatements="2" conditionals="0" coveredconditionals="0" methods="6" coveredmethods="2"/>
          <line num="2" count="0" type="stmt"/>
          <line num="12" count="1" type="stmt"/>
          <line num="19" count="0" type="stmt"/>
          <line num="26" count="1" type="stmt"/>
          <line num="33" count="0" type="stmt"/>
          <line num="40" count="0" type="stmt"/>
        </file>
      </package>
      <package name="redux">
        <metrics statements="5" coveredstatements="4" conditionals="3" coveredconditionals="3" methods="2" coveredmethods="1"/>
        <file name="russReducer.js" path="C:\Users\Richie.Bexhell\source\repos\ReactScratchPAd\src\ReactSampleWeb\react\redux\russReducer.js">
          <metrics statements="5" coveredstatements="4" conditionals="3" coveredconditionals="3" methods="2" coveredmethods="1"/>
          <line num="2" count="1" type="stmt"/>
          <line num="10" count="2" type="cond" truecount="2" falsecount="0"/>
          <line num="12" count="1" type="stmt"/>
          <line num="14" count="0" type="stmt"/>
          <line num="21" count="1" type="stmt"/>
        </file>
      </package>
    </metrics>
  </project>
</coverage>
