{"C:\\Users\\Richie.Bexhell\\source\\repos\\ReactScratchPAd\\src\\ReactSampleWeb\\react\\components\\app.jsx": {"path":"C:\\Users\\Richie.Bexhell\\source\\repos\\ReactScratchPAd\\src\\ReactSampleWeb\\react\\components\\app.jsx","statementMap":{"0":{"start":{"line":3,"column":12},"end":{"line":5,"column":1}},"1":{"start":{"line":4,"column":4},"end":{"line":4,"column":22}}},"fnMap":{"0":{"name":"(anonymous_0)","decl":{"start":{"line":3,"column":12},"end":{"line":3,"column":13}},"loc":{"start":{"line":4,"column":4},"end":{"line":4,"column":22}},"line":4}},"branchMap":{},"s":{"0":1,"1":1},"f":{"0":1},"b":{},"_coverageSchema":"332fd63041d2c1bcb487cc26dd0d5f7d97098a6c","hash":"a08c1000e757a5b8c7f814a39d4df13812efb822"}
,"C:\\Users\\Richie.Bexhell\\source\\repos\\ReactScratchPAd\\src\\ReactSampleWeb\\react\\components\\russ.js": {"path":"C:\\Users\\Richie.Bexhell\\source\\repos\\ReactScratchPAd\\src\\ReactSampleWeb\\react\\components\\russ.js","statementMap":{"0":{"start":{"line":2,"column":4},"end":{"line":8,"column":6}},"1":{"start":{"line":12,"column":4},"end":{"line":15,"column":6}},"2":{"start":{"line":19,"column":4},"end":{"line":22,"column":6}},"3":{"start":{"line":26,"column":4},"end":{"line":29,"column":6}},"4":{"start":{"line":33,"column":4},"end":{"line":36,"column":6}},"5":{"start":{"line":40,"column":8},"end":{"line":43,"column":9}}},"fnMap":{"0":{"name":"fetchUser","decl":{"start":{"line":1,"column":16},"end":{"line":1,"column":25}},"loc":{"start":{"line":1,"column":39},"end":{"line":9,"column":5}},"line":1},"1":{"name":"setUsername","decl":{"start":{"line":11,"column":20},"end":{"line":11,"column":31}},"loc":{"start":{"line":11,"column":38},"end":{"line":16,"column":5}},"line":11},"2":{"name":"blockUser","decl":{"start":{"line":18,"column":20},"end":{"line":18,"column":29}},"loc":{"start":{"line":18,"column":40},"end":{"line":23,"column":5}},"line":18},"3":{"name":"setCurrentUserCreator","decl":{"start":{"line":25,"column":20},"end":{"line":25,"column":41}},"loc":{"start":{"line":25,"column":58},"end":{"line":30,"column":5}},"line":25},"4":{"name":"addUserCreator","decl":{"start":{"line":32,"column":20},"end":{"line":32,"column":34}},"loc":{"start":{"line":32,"column":43},"end":{"line":37,"column":5}},"line":32},"5":{"name":"sendMessage","decl":{"start":{"line":39,"column":20},"end":{"line":39,"column":31}},"loc":{"start":{"line":39,"column":38},"end":{"line":44,"column":7}},"line":39}},"branchMap":{},"s":{"0":0,"1":1,"2":0,"3":1,"4":0,"5":0},"f":{"0":0,"1":1,"2":0,"3":1,"4":0,"5":0},"b":{},"_coverageSchema":"332fd63041d2c1bcb487cc26dd0d5f7d97098a6c","hash":"5ea7edb761ee28ebe63222a3a6416ed58685a509"}
,"C:\\Users\\Richie.Bexhell\\source\\repos\\ReactScratchPAd\\src\\ReactSampleWeb\\react\\redux\\russReducer.js": {"path":"C:\\Users\\Richie.Bexhell\\source\\repos\\ReactScratchPAd\\src\\ReactSampleWeb\\react\\redux\\russReducer.js","statementMap":{"0":{"start":{"line":2,"column":21},"end":{"line":7,"column":3}},"1":{"start":{"line":10,"column":4},"end":{"line":22,"column":5}},"2":{"start":{"line":12,"column":8},"end":{"line":18,"column":9}},"3":{"start":{"line":14,"column":49},"end":{"line":14,"column":76}},"4":{"start":{"line":21,"column":8},"end":{"line":21,"column":20}}},"fnMap":{"0":{"name":"sendMessage","decl":{"start":{"line":9,"column":26},"end":{"line":9,"column":37}},"loc":{"start":{"line":9,"column":68},"end":{"line":23,"column":3}},"line":9},"1":{"name":"(anonymous_1)","decl":{"start":{"line":14,"column":29},"end":{"line":14,"column":30}},"loc":{"start":{"line":14,"column":49},"end":{"line":14,"column":76}},"line":14}},"branchMap":{"0":{"loc":{"start":{"line":9,"column":38},"end":{"line":9,"column":58}},"type":"default-arg","locations":[{"start":{"line":9,"column":46},"end":{"line":9,"column":58}}],"line":9},"1":{"loc":{"start":{"line":10,"column":4},"end":{"line":22,"column":5}},"type":"switch","locations":[{"start":{"line":11,"column":6},"end":{"line":18,"column":9}},{"start":{"line":20,"column":6},"end":{"line":21,"column":20}}],"line":10}},"s":{"0":1,"1":2,"2":1,"3":0,"4":1},"f":{"0":2,"1":0},"b":{"0":[1],"1":[1,1]},"_coverageSchema":"332fd63041d2c1bcb487cc26dd0d5f7d97098a6c","hash":"608cacde29da1bbdc0403e0c3b0da0cee9a2ba59"}
}
