TN:
SF:C:\Users\Richie.Bexhell\source\repos\ReactScratchPAd\src\ReactSampleWeb\react\components\app.jsx
FN:3,(anonymous_0)
FNF:1
FNH:1
FNDA:1,(anonymous_0)
DA:3,1
DA:4,1
LF:2
LH:2
BRF:0
BRH:0
end_of_record
TN:
SF:C:\Users\Richie.Bexhell\source\repos\ReactScratchPAd\src\ReactSampleWeb\react\components\russ.js
FN:1,fetchUser
FN:11,setUsername
FN:18,blockUser
FN:25,setCurrentUserCreator
FN:32,addUserCreator
FN:39,sendMessage
FNF:6
FNH:2
FNDA:0,fetchUser
FNDA:1,setUsername
FNDA:0,blockUser
FNDA:1,setCurrentUserCreator
FNDA:0,addUserCreator
FNDA:0,sendMessage
DA:2,0
DA:12,1
DA:19,0
DA:26,1
DA:33,0
DA:40,0
LF:6
LH:2
BRF:0
BRH:0
end_of_record
TN:
SF:C:\Users\Richie.Bexhell\source\repos\ReactScratchPAd\src\ReactSampleWeb\react\redux\russReducer.js
FN:9,sendMessage
FN:14,(anonymous_1)
FNF:2
FNH:1
FNDA:2,sendMessage
FNDA:0,(anonymous_1)
DA:2,1
DA:10,2
DA:12,1
DA:14,0
DA:21,1
LF:5
LH:4
BRDA:9,0,0,1
BRDA:10,1,0,1
BRDA:10,1,1,1
BRF:3
BRH:3
end_of_record
